<?xml version="1.0" encoding="UTF-8"?>
<testsuite xmlns:xsi="http://www.w3.org/2001/XMLSchema-instance" xsi:noNamespaceSchemaLocation="https://maven.apache.org/surefire/maven-surefire-plugin/xsd/surefire-test-report-3.0.xsd" version="3.0" name="com.clearsolutions.controller.UserControllerTest" time="10.025" tests="8" errors="0" skipped="0" failures="0">
  <properties>
    <property name="java.specification.version" value="17"/>
    <property name="sun.jnu.encoding" value="UTF-8"/>
    <property name="java.class.path" value="/home/oem/IdeaProjectsUltimate/ClearSolutions/target/test-classes:/home/oem/IdeaProjectsUltimate/ClearSolutions/target/classes:/home/oem/.m2/repository/org/springframework/boot/spring-boot-starter-web/3.1.5/spring-boot-starter-web-3.1.5.jar:/home/oem/.m2/repository/org/springframework/boot/spring-boot-starter/3.1.5/spring-boot-starter-3.1.5.jar:/home/oem/.m2/repository/org/springframework/boot/spring-boot/3.1.5/spring-boot-3.1.5.jar:/home/oem/.m2/repository/org/springframework/boot/spring-boot-autoconfigure/3.1.5/spring-boot-autoconfigure-3.1.5.jar:/home/oem/.m2/repository/org/springframework/boot/spring-boot-starter-logging/3.1.5/spring-boot-starter-logging-3.1.5.jar:/home/oem/.m2/repository/ch/qos/logback/logback-classic/1.4.11/logback-classic-1.4.11.jar:/home/oem/.m2/repository/ch/qos/logback/logback-core/1.4.11/logback-core-1.4.11.jar:/home/oem/.m2/repository/org/apache/logging/log4j/log4j-to-slf4j/2.20.0/log4j-to-slf4j-2.20.0.jar:/home/oem/.m2/repository/org/apache/logging/log4j/log4j-api/2.20.0/log4j-api-2.20.0.jar:/home/oem/.m2/repository/org/slf4j/jul-to-slf4j/2.0.9/jul-to-slf4j-2.0.9.jar:/home/oem/.m2/repository/org/yaml/snakeyaml/1.33/snakeyaml-1.33.jar:/home/oem/.m2/repository/org/springframework/boot/spring-boot-starter-json/3.1.5/spring-boot-starter-json-3.1.5.jar:/home/oem/.m2/repository/com/fasterxml/jackson/core/jackson-databind/2.15.3/jackson-databind-2.15.3.jar:/home/oem/.m2/repository/com/fasterxml/jackson/core/jackson-annotations/2.15.3/jackson-annotations-2.15.3.jar:/home/oem/.m2/repository/com/fasterxml/jackson/core/jackson-core/2.15.3/jackson-core-2.15.3.jar:/home/oem/.m2/repository/com/fasterxml/jackson/datatype/jackson-datatype-jdk8/2.15.3/jackson-datatype-jdk8-2.15.3.jar:/home/oem/.m2/repository/com/fasterxml/jackson/datatype/jackson-datatype-jsr310/2.15.3/jackson-datatype-jsr310-2.15.3.jar:/home/oem/.m2/repository/com/fasterxml/jackson/module/jackson-module-parameter-names/2.15.3/jackson-module-parameter-names-2.15.3.jar:/home/oem/.m2/repository/org/springframework/spring-web/6.0.13/spring-web-6.0.13.jar:/home/oem/.m2/repository/org/springframework/spring-beans/6.0.13/spring-beans-6.0.13.jar:/home/oem/.m2/repository/io/micrometer/micrometer-observation/1.11.5/micrometer-observation-1.11.5.jar:/home/oem/.m2/repository/io/micrometer/micrometer-commons/1.11.5/micrometer-commons-1.11.5.jar:/home/oem/.m2/repository/org/springframework/spring-webmvc/6.0.13/spring-webmvc-6.0.13.jar:/home/oem/.m2/repository/org/springframework/spring-aop/6.0.13/spring-aop-6.0.13.jar:/home/oem/.m2/repository/org/springframework/spring-context/6.0.13/spring-context-6.0.13.jar:/home/oem/.m2/repository/org/springframework/spring-expression/6.0.13/spring-expression-6.0.13.jar:/home/oem/.m2/repository/org/springframework/boot/spring-boot-starter-test/3.1.5/spring-boot-starter-test-3.1.5.jar:/home/oem/.m2/repository/org/springframework/boot/spring-boot-test/3.1.5/spring-boot-test-3.1.5.jar:/home/oem/.m2/repository/org/springframework/boot/spring-boot-test-autoconfigure/3.1.5/spring-boot-test-autoconfigure-3.1.5.jar:/home/oem/.m2/repository/com/jayway/jsonpath/json-path/2.8.0/json-path-2.8.0.jar:/home/oem/.m2/repository/org/slf4j/slf4j-api/2.0.9/slf4j-api-2.0.9.jar:/home/oem/.m2/repository/jakarta/xml/bind/jakarta.xml.bind-api/4.0.1/jakarta.xml.bind-api-4.0.1.jar:/home/oem/.m2/repository/jakarta/activation/jakarta.activation-api/2.1.2/jakarta.activation-api-2.1.2.jar:/home/oem/.m2/repository/net/minidev/json-smart/2.4.11/json-smart-2.4.11.jar:/home/oem/.m2/repository/net/minidev/accessors-smart/2.4.11/accessors-smart-2.4.11.jar:/home/oem/.m2/repository/org/ow2/asm/asm/9.3/asm-9.3.jar:/home/oem/.m2/repository/org/assertj/assertj-core/3.24.2/assertj-core-3.24.2.jar:/home/oem/.m2/repository/net/bytebuddy/byte-buddy/1.14.9/byte-buddy-1.14.9.jar:/home/oem/.m2/repository/org/hamcrest/hamcrest/2.2/hamcrest-2.2.jar:/home/oem/.m2/repository/org/junit/jupiter/junit-jupiter/5.9.3/junit-jupiter-5.9.3.jar:/home/oem/.m2/repository/org/junit/jupiter/junit-jupiter-api/5.9.3/junit-jupiter-api-5.9.3.jar:/home/oem/.m2/repository/org/opentest4j/opentest4j/1.2.0/opentest4j-1.2.0.jar:/home/oem/.m2/repository/org/junit/platform/junit-platform-commons/1.9.3/junit-platform-commons-1.9.3.jar:/home/oem/.m2/repository/org/apiguardian/apiguardian-api/1.1.2/apiguardian-api-1.1.2.jar:/home/oem/.m2/repository/org/junit/jupiter/junit-jupiter-params/5.9.3/junit-jupiter-params-5.9.3.jar:/home/oem/.m2/repository/org/junit/jupiter/junit-jupiter-engine/5.9.3/junit-jupiter-engine-5.9.3.jar:/home/oem/.m2/repository/org/junit/platform/junit-platform-engine/1.9.3/junit-platform-engine-1.9.3.jar:/home/oem/.m2/repository/org/mockito/mockito-core/5.3.1/mockito-core-5.3.1.jar:/home/oem/.m2/repository/net/bytebuddy/byte-buddy-agent/1.14.9/byte-buddy-agent-1.14.9.jar:/home/oem/.m2/repository/org/objenesis/objenesis/3.3/objenesis-3.3.jar:/home/oem/.m2/repository/org/mockito/mockito-junit-jupiter/5.3.1/mockito-junit-jupiter-5.3.1.jar:/home/oem/.m2/repository/org/skyscreamer/jsonassert/1.5.1/jsonassert-1.5.1.jar:/home/oem/.m2/repository/com/vaadin/external/google/android-json/0.0.20131108.vaadin1/android-json-0.0.20131108.vaadin1.jar:/home/oem/.m2/repository/org/springframework/spring-core/6.0.13/spring-core-6.0.13.jar:/home/oem/.m2/repository/org/springframework/spring-jcl/6.0.13/spring-jcl-6.0.13.jar:/home/oem/.m2/repository/org/springframework/spring-test/6.0.13/spring-test-6.0.13.jar:/home/oem/.m2/repository/org/xmlunit/xmlunit-core/2.9.1/xmlunit-core-2.9.1.jar:/home/oem/.m2/repository/org/springframework/boot/spring-boot-starter-validation/3.1.5/spring-boot-starter-validation-3.1.5.jar:/home/oem/.m2/repository/org/apache/tomcat/embed/tomcat-embed-el/10.1.15/tomcat-embed-el-10.1.15.jar:/home/oem/.m2/repository/org/hibernate/validator/hibernate-validator/8.0.1.Final/hibernate-validator-8.0.1.Final.jar:/home/oem/.m2/repository/jakarta/validation/jakarta.validation-api/3.0.2/jakarta.validation-api-3.0.2.jar:/home/oem/.m2/repository/org/jboss/logging/jboss-logging/3.5.3.Final/jboss-logging-3.5.3.Final.jar:/home/oem/.m2/repository/com/fasterxml/classmate/1.5.1/classmate-1.5.1.jar:/home/oem/.m2/repository/org/springframework/boot/spring-boot-starter-tomcat/3.1.5/spring-boot-starter-tomcat-3.1.5.jar:/home/oem/.m2/repository/jakarta/annotation/jakarta.annotation-api/2.1.1/jakarta.annotation-api-2.1.1.jar:/home/oem/.m2/repository/org/apache/tomcat/embed/tomcat-embed-core/10.1.15/tomcat-embed-core-10.1.15.jar:/home/oem/.m2/repository/org/apache/tomcat/embed/tomcat-embed-websocket/10.1.15/tomcat-embed-websocket-10.1.15.jar:/home/oem/.m2/repository/org/projectlombok/lombok/1.18.30/lombok-1.18.30.jar:/home/oem/.m2/repository/org/springdoc/springdoc-openapi-starter-webmvc-ui/2.5.0/springdoc-openapi-starter-webmvc-ui-2.5.0.jar:/home/oem/.m2/repository/org/springdoc/springdoc-openapi-starter-webmvc-api/2.5.0/springdoc-openapi-starter-webmvc-api-2.5.0.jar:/home/oem/.m2/repository/org/springdoc/springdoc-openapi-starter-common/2.5.0/springdoc-openapi-starter-common-2.5.0.jar:/home/oem/.m2/repository/io/swagger/core/v3/swagger-core-jakarta/2.2.21/swagger-core-jakarta-2.2.21.jar:/home/oem/.m2/repository/org/apache/commons/commons-lang3/3.12.0/commons-lang3-3.12.0.jar:/home/oem/.m2/repository/io/swagger/core/v3/swagger-annotations-jakarta/2.2.21/swagger-annotations-jakarta-2.2.21.jar:/home/oem/.m2/repository/io/swagger/core/v3/swagger-models-jakarta/2.2.21/swagger-models-jakarta-2.2.21.jar:/home/oem/.m2/repository/com/fasterxml/jackson/dataformat/jackson-dataformat-yaml/2.15.3/jackson-dataformat-yaml-2.15.3.jar:/home/oem/.m2/repository/org/webjars/swagger-ui/5.13.0/swagger-ui-5.13.0.jar:"/>
    <property name="java.vm.vendor" value="Oracle Corporation"/>
    <property name="sun.arch.data.model" value="64"/>
    <property name="java.vendor.url" value="https://java.oracle.com/"/>
    <property name="user.timezone" value="Europe/Kyiv"/>
    <property name="org.jboss.logging.provider" value="slf4j"/>
    <property name="os.name" value="Linux"/>
    <property name="java.vm.specification.version" value="17"/>
    <property name="sun.java.launcher" value="SUN_STANDARD"/>
    <property name="user.country" value="UA"/>
    <property name="sun.boot.library.path" value="/usr/lib/jvm/java-17-oracle/lib"/>
    <property name="sun.java.command" value="/home/oem/IdeaProjectsUltimate/ClearSolutions/target/surefire/surefirebooter-20240510022609315_3.jar /home/oem/IdeaProjectsUltimate/ClearSolutions/target/surefire 2024-05-10T02-26-09_156-jvmRun1 surefire-20240510022609315_1tmp surefire_0-20240510022609315_2tmp"/>
    <property name="jdk.debug" value="release"/>
    <property name="surefire.test.class.path" value="/home/oem/IdeaProjectsUltimate/ClearSolutions/target/test-classes:/home/oem/IdeaProjectsUltimate/ClearSolutions/target/classes:/home/oem/.m2/repository/org/springframework/boot/spring-boot-starter-web/3.1.5/spring-boot-starter-web-3.1.5.jar:/home/oem/.m2/repository/org/springframework/boot/spring-boot-starter/3.1.5/spring-boot-starter-3.1.5.jar:/home/oem/.m2/repository/org/springframework/boot/spring-boot/3.1.5/spring-boot-3.1.5.jar:/home/oem/.m2/repository/org/springframework/boot/spring-boot-autoconfigure/3.1.5/spring-boot-autoconfigure-3.1.5.jar:/home/oem/.m2/repository/org/springframework/boot/spring-boot-starter-logging/3.1.5/spring-boot-starter-logging-3.1.5.jar:/home/oem/.m2/repository/ch/qos/logback/logback-classic/1.4.11/logback-classic-1.4.11.jar:/home/oem/.m2/repository/ch/qos/logback/logback-core/1.4.11/logback-core-1.4.11.jar:/home/oem/.m2/repository/org/apache/logging/log4j/log4j-to-slf4j/2.20.0/log4j-to-slf4j-2.20.0.jar:/home/oem/.m2/repository/org/apache/logging/log4j/log4j-api/2.20.0/log4j-api-2.20.0.jar:/home/oem/.m2/repository/org/slf4j/jul-to-slf4j/2.0.9/jul-to-slf4j-2.0.9.jar:/home/oem/.m2/repository/org/yaml/snakeyaml/1.33/snakeyaml-1.33.jar:/home/oem/.m2/repository/org/springframework/boot/spring-boot-starter-json/3.1.5/spring-boot-starter-json-3.1.5.jar:/home/oem/.m2/repository/com/fasterxml/jackson/core/jackson-databind/2.15.3/jackson-databind-2.15.3.jar:/home/oem/.m2/repository/com/fasterxml/jackson/core/jackson-annotations/2.15.3/jackson-annotations-2.15.3.jar:/home/oem/.m2/repository/com/fasterxml/jackson/core/jackson-core/2.15.3/jackson-core-2.15.3.jar:/home/oem/.m2/repository/com/fasterxml/jackson/datatype/jackson-datatype-jdk8/2.15.3/jackson-datatype-jdk8-2.15.3.jar:/home/oem/.m2/repository/com/fasterxml/jackson/datatype/jackson-datatype-jsr310/2.15.3/jackson-datatype-jsr310-2.15.3.jar:/home/oem/.m2/repository/com/fasterxml/jackson/module/jackson-module-parameter-names/2.15.3/jackson-module-parameter-names-2.15.3.jar:/home/oem/.m2/repository/org/springframework/spring-web/6.0.13/spring-web-6.0.13.jar:/home/oem/.m2/repository/org/springframework/spring-beans/6.0.13/spring-beans-6.0.13.jar:/home/oem/.m2/repository/io/micrometer/micrometer-observation/1.11.5/micrometer-observation-1.11.5.jar:/home/oem/.m2/repository/io/micrometer/micrometer-commons/1.11.5/micrometer-commons-1.11.5.jar:/home/oem/.m2/repository/org/springframework/spring-webmvc/6.0.13/spring-webmvc-6.0.13.jar:/home/oem/.m2/repository/org/springframework/spring-aop/6.0.13/spring-aop-6.0.13.jar:/home/oem/.m2/repository/org/springframework/spring-context/6.0.13/spring-context-6.0.13.jar:/home/oem/.m2/repository/org/springframework/spring-expression/6.0.13/spring-expression-6.0.13.jar:/home/oem/.m2/repository/org/springframework/boot/spring-boot-starter-test/3.1.5/spring-boot-starter-test-3.1.5.jar:/home/oem/.m2/repository/org/springframework/boot/spring-boot-test/3.1.5/spring-boot-test-3.1.5.jar:/home/oem/.m2/repository/org/springframework/boot/spring-boot-test-autoconfigure/3.1.5/spring-boot-test-autoconfigure-3.1.5.jar:/home/oem/.m2/repository/com/jayway/jsonpath/json-path/2.8.0/json-path-2.8.0.jar:/home/oem/.m2/repository/org/slf4j/slf4j-api/2.0.9/slf4j-api-2.0.9.jar:/home/oem/.m2/repository/jakarta/xml/bind/jakarta.xml.bind-api/4.0.1/jakarta.xml.bind-api-4.0.1.jar:/home/oem/.m2/repository/jakarta/activation/jakarta.activation-api/2.1.2/jakarta.activation-api-2.1.2.jar:/home/oem/.m2/repository/net/minidev/json-smart/2.4.11/json-smart-2.4.11.jar:/home/oem/.m2/repository/net/minidev/accessors-smart/2.4.11/accessors-smart-2.4.11.jar:/home/oem/.m2/repository/org/ow2/asm/asm/9.3/asm-9.3.jar:/home/oem/.m2/repository/org/assertj/assertj-core/3.24.2/assertj-core-3.24.2.jar:/home/oem/.m2/repository/net/bytebuddy/byte-buddy/1.14.9/byte-buddy-1.14.9.jar:/home/oem/.m2/repository/org/hamcrest/hamcrest/2.2/hamcrest-2.2.jar:/home/oem/.m2/repository/org/junit/jupiter/junit-jupiter/5.9.3/junit-jupiter-5.9.3.jar:/home/oem/.m2/repository/org/junit/jupiter/junit-jupiter-api/5.9.3/junit-jupiter-api-5.9.3.jar:/home/oem/.m2/repository/org/opentest4j/opentest4j/1.2.0/opentest4j-1.2.0.jar:/home/oem/.m2/repository/org/junit/platform/junit-platform-commons/1.9.3/junit-platform-commons-1.9.3.jar:/home/oem/.m2/repository/org/apiguardian/apiguardian-api/1.1.2/apiguardian-api-1.1.2.jar:/home/oem/.m2/repository/org/junit/jupiter/junit-jupiter-params/5.9.3/junit-jupiter-params-5.9.3.jar:/home/oem/.m2/repository/org/junit/jupiter/junit-jupiter-engine/5.9.3/junit-jupiter-engine-5.9.3.jar:/home/oem/.m2/repository/org/junit/platform/junit-platform-engine/1.9.3/junit-platform-engine-1.9.3.jar:/home/oem/.m2/repository/org/mockito/mockito-core/5.3.1/mockito-core-5.3.1.jar:/home/oem/.m2/repository/net/bytebuddy/byte-buddy-agent/1.14.9/byte-buddy-agent-1.14.9.jar:/home/oem/.m2/repository/org/objenesis/objenesis/3.3/objenesis-3.3.jar:/home/oem/.m2/repository/org/mockito/mockito-junit-jupiter/5.3.1/mockito-junit-jupiter-5.3.1.jar:/home/oem/.m2/repository/org/skyscreamer/jsonassert/1.5.1/jsonassert-1.5.1.jar:/home/oem/.m2/repository/com/vaadin/external/google/android-json/0.0.20131108.vaadin1/android-json-0.0.20131108.vaadin1.jar:/home/oem/.m2/repository/org/springframework/spring-core/6.0.13/spring-core-6.0.13.jar:/home/oem/.m2/repository/org/springframework/spring-jcl/6.0.13/spring-jcl-6.0.13.jar:/home/oem/.m2/repository/org/springframework/spring-test/6.0.13/spring-test-6.0.13.jar:/home/oem/.m2/repository/org/xmlunit/xmlunit-core/2.9.1/xmlunit-core-2.9.1.jar:/home/oem/.m2/repository/org/springframework/boot/spring-boot-starter-validation/3.1.5/spring-boot-starter-validation-3.1.5.jar:/home/oem/.m2/repository/org/apache/tomcat/embed/tomcat-embed-el/10.1.15/tomcat-embed-el-10.1.15.jar:/home/oem/.m2/repository/org/hibernate/validator/hibernate-validator/8.0.1.Final/hibernate-validator-8.0.1.Final.jar:/home/oem/.m2/repository/jakarta/validation/jakarta.validation-api/3.0.2/jakarta.validation-api-3.0.2.jar:/home/oem/.m2/repository/org/jboss/logging/jboss-logging/3.5.3.Final/jboss-logging-3.5.3.Final.jar:/home/oem/.m2/repository/com/fasterxml/classmate/1.5.1/classmate-1.5.1.jar:/home/oem/.m2/repository/org/springframework/boot/spring-boot-starter-tomcat/3.1.5/spring-boot-starter-tomcat-3.1.5.jar:/home/oem/.m2/repository/jakarta/annotation/jakarta.annotation-api/2.1.1/jakarta.annotation-api-2.1.1.jar:/home/oem/.m2/repository/org/apache/tomcat/embed/tomcat-embed-core/10.1.15/tomcat-embed-core-10.1.15.jar:/home/oem/.m2/repository/org/apache/tomcat/embed/tomcat-embed-websocket/10.1.15/tomcat-embed-websocket-10.1.15.jar:/home/oem/.m2/repository/org/projectlombok/lombok/1.18.30/lombok-1.18.30.jar:/home/oem/.m2/repository/org/springdoc/springdoc-openapi-starter-webmvc-ui/2.5.0/springdoc-openapi-starter-webmvc-ui-2.5.0.jar:/home/oem/.m2/repository/org/springdoc/springdoc-openapi-starter-webmvc-api/2.5.0/springdoc-openapi-starter-webmvc-api-2.5.0.jar:/home/oem/.m2/repository/org/springdoc/springdoc-openapi-starter-common/2.5.0/springdoc-openapi-starter-common-2.5.0.jar:/home/oem/.m2/repository/io/swagger/core/v3/swagger-core-jakarta/2.2.21/swagger-core-jakarta-2.2.21.jar:/home/oem/.m2/repository/org/apache/commons/commons-lang3/3.12.0/commons-lang3-3.12.0.jar:/home/oem/.m2/repository/io/swagger/core/v3/swagger-annotations-jakarta/2.2.21/swagger-annotations-jakarta-2.2.21.jar:/home/oem/.m2/repository/io/swagger/core/v3/swagger-models-jakarta/2.2.21/swagger-models-jakarta-2.2.21.jar:/home/oem/.m2/repository/com/fasterxml/jackson/dataformat/jackson-dataformat-yaml/2.15.3/jackson-dataformat-yaml-2.15.3.jar:/home/oem/.m2/repository/org/webjars/swagger-ui/5.13.0/swagger-ui-5.13.0.jar:"/>
    <property name="sun.cpu.endian" value="little"/>
    <property name="user.home" value="/home/oem"/>
    <property name="user.language" value="ru"/>
    <property name="java.specification.vendor" value="Oracle Corporation"/>
    <property name="java.version.date" value="2023-01-17"/>
    <property name="java.home" value="/usr/lib/jvm/java-17-oracle"/>
    <property name="file.separator" value="/"/>
    <property name="basedir" value="/home/oem/IdeaProjectsUltimate/ClearSolutions"/>
    <property name="java.vm.compressedOopsMode" value="32-bit"/>
    <property name="line.separator" value="&#10;"/>
    <property name="java.specification.name" value="Java Platform API Specification"/>
    <property name="java.vm.specification.vendor" value="Oracle Corporation"/>
    <property name="FILE_LOG_CHARSET" value="UTF-8"/>
    <property name="java.awt.headless" value="true"/>
    <property name="surefire.real.class.path" value="/home/oem/IdeaProjectsUltimate/ClearSolutions/target/surefire/surefirebooter-20240510022609315_3.jar"/>
    <property name="sun.management.compiler" value="HotSpot 64-Bit Tiered Compilers"/>
    <property name="java.runtime.version" value="17.0.6+9-LTS-190"/>
    <property name="user.name" value="oem"/>
    <property name="path.separator" value=":"/>
    <property name="os.version" value="5.15.0-106-generic"/>
    <property name="java.runtime.name" value="Java(TM) SE Runtime Environment"/>
    <property name="file.encoding" value="UTF-8"/>
    <property name="java.vm.name" value="Java HotSpot(TM) 64-Bit Server VM"/>
    <property name="localRepository" value="/home/oem/.m2/repository"/>
    <property name="java.vendor.url.bug" value="https://bugreport.java.com/bugreport/"/>
    <property name="java.io.tmpdir" value="/tmp"/>
    <property name="java.version" value="17.0.6"/>
    <property name="user.dir" value="/home/oem/IdeaProjectsUltimate/ClearSolutions"/>
    <property name="os.arch" value="amd64"/>
    <property name="java.vm.specification.name" value="Java Virtual Machine Specification"/>
    <property name="PID" value="20406"/>
    <property name="CONSOLE_LOG_CHARSET" value="UTF-8"/>
    <property name="native.encoding" value="UTF-8"/>
    <property name="java.library.path" value="/usr/java/packages/lib:/usr/lib64:/lib64:/lib:/usr/lib"/>
    <property name="java.vm.info" value="mixed mode, sharing"/>
    <property name="java.vendor" value="Oracle Corporation"/>
    <property name="java.vm.version" value="17.0.6+9-LTS-190"/>
    <property name="sun.io.unicode.encoding" value="UnicodeLittle"/>
    <property name="java.class.version" value="61.0"/>
  </properties>
  <testcase name="updateUser_Ok" classname="com.clearsolutions.controller.UserControllerTest" time="1.218">
    <system-out><![CDATA[02:26:12.263 [main] INFO org.springframework.test.context.support.AnnotationConfigContextLoaderUtils -- Could not detect default configuration classes for test class [com.clearsolutions.controller.UserControllerTest]: UserControllerTest does not declare any static, non-private, non-final, nested classes annotated with @Configuration.
02:26:12.607 [main] INFO org.springframework.boot.test.context.SpringBootTestContextBootstrapper -- Found @SpringBootConfiguration com.clearsolutions.ClearSolutionsApplication for test class com.clearsolutions.controller.UserControllerTest

  .   ____          _            __ _ _
 /\\ / ___'_ __ _ _(_)_ __  __ _ \ \ \ \
( ( )\___ | '_ | '_| | '_ \/ _` | \ \ \ \
 \\/  ___)| |_)| | | | | || (_| |  ) ) ) )
  '  |____| .__|_| |_|_| |_\__, | / / / /
 =========|_|==============|___/=/_/_/_/
 :: Spring Boot ::                (v3.1.5)

2024-05-10 02:26:13 [main] INFO  c.c.controller.UserControllerTest - Starting UserControllerTest using Java 17.0.6 with PID 20406 (started by oem in /home/oem/IdeaProjectsUltimate/ClearSolutions)
2024-05-10 02:26:14 [main] INFO  c.c.controller.UserControllerTest - No active profile set, falling back to 1 default profile: "default"
2024-05-10 02:26:14 [main] DEBUG o.s.w.c.s.GenericWebApplicationContext - Refreshing org.springframework.web.context.support.GenericWebApplicationContext@470a9030
2024-05-10 02:26:19 [main] DEBUG o.s.w.s.m.m.a.RequestMappingHandlerAdapter - ControllerAdvice beans: 0 @ModelAttribute, 0 @InitBinder, 1 RequestBodyAdvice, 1 ResponseBodyAdvice
2024-05-10 02:26:19 [main] DEBUG o.s.w.s.m.m.a.RequestMappingHandlerMapping - 7 mappings in 'requestMappingHandlerMapping'
2024-05-10 02:26:19 [main] DEBUG o.s.w.s.h.SimpleUrlHandlerMapping - Patterns [/webjars/**, /**] in 'resourceHandlerMapping'
2024-05-10 02:26:19 [main] DEBUG o.s.w.s.m.m.a.ExceptionHandlerExceptionResolver - ControllerAdvice beans: 1 @ExceptionHandler, 1 ResponseBodyAdvice
2024-05-10 02:26:19 [main] INFO  o.s.b.t.m.w.SpringBootMockServletContext - Initializing Spring TestDispatcherServlet ''
2024-05-10 02:26:19 [main] INFO  o.s.t.w.s.TestDispatcherServlet - Initializing Servlet ''
2024-05-10 02:26:19 [main] INFO  o.s.t.w.s.TestDispatcherServlet - Completed initialization in 5 ms
2024-05-10 02:26:20 [main] INFO  c.c.controller.UserControllerTest - Started UserControllerTest in 7.315 seconds (process running for 10.633)
2024-05-10 02:26:20 [main] DEBUG o.s.w.s.m.m.a.RequestMappingHandlerMapping - Mapped to com.clearsolutions.controller.UserController#update(Long, UserRequestDto)
2024-05-10 02:26:20 [main] DEBUG o.s.w.s.m.m.a.RequestResponseBodyMethodProcessor - Read "application/json;charset=UTF-8" to [UserRequestDto(dataRequestDto=UserDataRequestDto(email=pickmeup@gmail.com, firstName=John, lastName= (truncated)...]
2024-05-10 02:26:21 [main] DEBUG o.s.w.s.m.m.a.HttpEntityMethodProcessor - Using 'application/json', given [*/*] and supported [application/json]
2024-05-10 02:26:21 [main] DEBUG o.s.w.s.m.m.a.HttpEntityMethodProcessor - Writing [UserResponseDto(dataResponseDto=UserDataResponseDto(id=1, email=pickmeup@gmail.com, firstName=John,  (truncated)...]
]]></system-out>
  </testcase>
  <testcase name="createUser_Fail" classname="com.clearsolutions.controller.UserControllerTest" time="0.074">
    <system-out><![CDATA[2024-05-10 02:26:21 [main] DEBUG o.s.w.s.m.m.a.RequestMappingHandlerMapping - Mapped to com.clearsolutions.controller.UserController#create(UserRequestDto)
2024-05-10 02:26:21 [main] DEBUG o.s.w.s.m.m.a.RequestResponseBodyMethodProcessor - Read "application/json;charset=UTF-8" to [UserRequestDto(dataRequestDto=UserDataRequestDto(email=^$#@, firstName=null, lastName=null, birthDat (truncated)...]
2024-05-10 02:26:21 [main] DEBUG o.s.w.s.m.m.a.ExceptionHandlerExceptionResolver - Using @ExceptionHandler com.clearsolutions.exception.exceptionhandling.ApplicationExceptionHandling#handleValidationFailed(ValidationFailedException)
2024-05-10 02:26:21 [main] DEBUG o.s.w.s.m.m.a.RequestResponseBodyMethodProcessor - Using 'application/json', given [*/*] and supported [application/json, application/*+json]
2024-05-10 02:26:21 [main] DEBUG o.s.w.s.m.m.a.RequestResponseBodyMethodProcessor - Writing [ExceptionBody(status=400, errors={stacktrace=com.clearsolutions.exception.ValidationFailedException: (truncated)...]
2024-05-10 02:26:21 [main] DEBUG o.s.w.s.m.m.a.ExceptionHandlerExceptionResolver - Resolved [com.clearsolutions.exception.ValidationFailedException: Some data is wrong!]
]]></system-out>
  </testcase>
  <testcase name="getUsersByBirthdateBetween_Fail" classname="com.clearsolutions.controller.UserControllerTest" time="0.13">
    <system-out><![CDATA[2024-05-10 02:26:21 [main] DEBUG o.s.w.s.m.m.a.RequestMappingHandlerMapping - Mapped to com.clearsolutions.controller.UserController#getUsersByBirthdateBetween(LocalDate, LocalDate)
2024-05-10 02:26:21 [main] DEBUG o.s.w.s.m.m.a.HttpEntityMethodProcessor - Using 'text/plain', given [*/*] and supported [text/plain, */*, application/json, application/*+json]
2024-05-10 02:26:21 [main] DEBUG o.s.w.s.m.m.a.HttpEntityMethodProcessor - Writing ["Check dates correctness!"]
]]></system-out>
  </testcase>
  <testcase name="deleteUser_Ok" classname="com.clearsolutions.controller.UserControllerTest" time="0.053">
    <system-out><![CDATA[2024-05-10 02:26:21 [main] DEBUG o.s.w.s.m.m.a.RequestMappingHandlerMapping - Mapped to com.clearsolutions.controller.UserController#delete(Long)
2024-05-10 02:26:21 [main] INFO  c.c.controller.UserController - User with 1 was deleted with result true
2024-05-10 02:26:21 [main] DEBUG o.s.w.s.m.m.a.HttpEntityMethodProcessor - Using 'text/plain', given [*/*] and supported [text/plain, */*, application/json, application/*+json]
2024-05-10 02:26:21 [main] DEBUG o.s.w.s.m.m.a.HttpEntityMethodProcessor - Writing ["Success, deleted User by id 1"]
]]></system-out>
  </testcase>
  <testcase name="getUsersByBirthdateBetween_Ok" classname="com.clearsolutions.controller.UserControllerTest" time="0.042">
    <system-out><![CDATA[2024-05-10 02:26:21 [main] DEBUG o.s.w.s.m.m.a.RequestMappingHandlerMapping - Mapped to com.clearsolutions.controller.UserController#getUsersByBirthdateBetween(LocalDate, LocalDate)
2024-05-10 02:26:21 [main] DEBUG o.s.w.s.m.m.a.HttpEntityMethodProcessor - Using 'application/json', given [*/*] and supported [application/json, application/*+json]
2024-05-10 02:26:21 [main] DEBUG o.s.w.s.m.m.a.HttpEntityMethodProcessor - Writing [[UserResponseDto(dataResponseDto=UserDataResponseDto(id=1, email=lowpassenger93@gmail.com, firstName (truncated)...]
]]></system-out>
  </testcase>
  <testcase name="deleteUser_Fail" classname="com.clearsolutions.controller.UserControllerTest" time="0.039">
    <system-out><![CDATA[2024-05-10 02:26:21 [main] DEBUG o.s.w.s.m.m.a.RequestMappingHandlerMapping - Mapped to com.clearsolutions.controller.UserController#delete(Long)
2024-05-10 02:26:21 [main] INFO  c.c.controller.UserController - User with 1 was deleted with result false
2024-05-10 02:26:21 [main] DEBUG o.s.w.s.m.m.a.HttpEntityMethodProcessor - Using 'text/plain', given [*/*] and supported [text/plain, */*, application/json, application/*+json]
2024-05-10 02:26:21 [main] DEBUG o.s.w.s.m.m.a.HttpEntityMethodProcessor - Writing ["Denied, User with id 1 wasn't deleted"]
]]></system-out>
  </testcase>
  <testcase name="patchUser_Ok" classname="com.clearsolutions.controller.UserControllerTest" time="0.061">
    <system-out><![CDATA[2024-05-10 02:26:21 [main] DEBUG o.s.w.s.m.m.a.RequestMappingHandlerMapping - Mapped to com.clearsolutions.controller.UserController#patch(Long, UserRequestDto)
2024-05-10 02:26:21 [main] DEBUG o.s.w.s.m.m.a.RequestResponseBodyMethodProcessor - Read "application/json;charset=UTF-8" to [UserRequestDto(dataRequestDto=UserDataRequestDto(email=newuseremail.gmail.com, firstName=Low, lastNa (truncated)...]
2024-05-10 02:26:21 [main] DEBUG o.s.w.s.m.m.a.HttpEntityMethodProcessor - Using 'application/json', given [*/*] and supported [application/json, application/*+json]
2024-05-10 02:26:21 [main] DEBUG o.s.w.s.m.m.a.HttpEntityMethodProcessor - Writing [UserResponseDto(dataResponseDto=UserDataResponseDto(id=1, email=newuseremail.gmail.com, firstName=Lo (truncated)...]
]]></system-out>
  </testcase>
  <testcase name="createUser_OK" classname="com.clearsolutions.controller.UserControllerTest" time="0.048">
    <system-out><![CDATA[2024-05-10 02:26:21 [main] DEBUG o.s.w.s.m.m.a.RequestMappingHandlerMapping - Mapped to com.clearsolutions.controller.UserController#create(UserRequestDto)
2024-05-10 02:26:21 [main] DEBUG o.s.w.s.m.m.a.RequestResponseBodyMethodProcessor - Read "application/json;charset=UTF-8" to [UserRequestDto(dataRequestDto=UserDataRequestDto(email=newuseremail.gmail.com, firstName=Low, lastNa (truncated)...]
2024-05-10 02:26:21 [main] INFO  c.c.controller.UserController - User with id 1 was successfully created
2024-05-10 02:26:21 [main] DEBUG o.s.w.s.m.m.a.HttpEntityMethodProcessor - Using 'application/json', given [*/*] and supported [application/json, application/*+json]
2024-05-10 02:26:21 [main] DEBUG o.s.w.s.m.m.a.HttpEntityMethodProcessor - Writing [UserResponseDto(dataResponseDto=UserDataResponseDto(id=1, email=newuseremail.gmail.com, firstName=Lo (truncated)...]
]]></system-out>
  </testcase>
</testsuite>